# JRE version: OpenJDK Runtime Environment (17.0+35) (build 17+35-2724)
# Java VM: OpenJDK 64-Bit Server VM (17+35-2724, mixed mode, sharing, tiered, compressed oops, compressed class ptrs, g1 gc, windows-amd64)
GC Precious Log:
 CPUs: 4 total, 4 available
 Memory: 8015M
 Large Page Support: Disabled
 NUMA Support: Disabled
 Compressed Oops: Enabled (32-bit)
 Heap Region Size: 1M
 Heap Min Capacity: 8M
 Heap Initial Capacity: 126M
 Heap Max Capacity: 2004M
 Pre-touch: Disabled
 Parallel Workers: 4
 Concurrent Workers: 1
 Concurrent Refinement Workers: 4
 Periodic GC: Disabled
Heap:
 garbage-first heap   total 250880K, used 61993K [0x0000000082c00000, 0x0000000100000000)
  region size 1024K, 1 young (1024K), 1 survivors (1024K)
 Metaspace       used 31936K, committed 32256K, reserved 1081344K
  class space    used 3612K, committed 3776K, reserved 1048576K
GC Heap History (20 events):
Event: 25.140 GC heap after
{Heap after GC invocations=11 (full 0):
 garbage-first heap   total 86016K, used 30756K [0x0000000082c00000, 0x0000000100000000)
  region size 1024K, 1 young (1024K), 1 survivors (1024K)
 Metaspace       used 26131K, committed 26368K, reserved 1073152K
  class space    used 3010K, committed 3136K, reserved 1048576K
}
Event: 25.150 GC heap before
{Heap before GC invocations=11 (full 0):
 garbage-first heap   total 86016K, used 64548K [0x0000000082c00000, 0x0000000100000000)
  region size 1024K, 35 young (35840K), 1 survivors (1024K)
 Metaspace       used 26131K, committed 26368K, reserved 1073152K
  class space    used 3010K, committed 3136K, reserved 1048576K
}
Event: 25.151 GC heap after
{Heap after GC invocations=12 (full 0):
 garbage-first heap   total 86016K, used 30786K [0x0000000082c00000, 0x0000000100000000)
  region size 1024K, 1 young (1024K), 1 survivors (1024K)
 Metaspace       used 26131K, committed 26368K, reserved 1073152K
  class space    used 3010K, committed 3136K, reserved 1048576K
}
Event: 25.169 GC heap before
{Heap before GC invocations=12 (full 0):
 garbage-first heap   total 86016K, used 65602K [0x0000000082c00000, 0x0000000100000000)
  region size 1024K, 36 young (36864K), 1 survivors (1024K)
 Metaspace       used 26131K, committed 26368K, reserved 1073152K
  class space    used 3010K, committed 3136K, reserved 1048576K
}
Event: 25.175 GC heap after
{Heap after GC invocations=13 (full 0):
 garbage-first heap   total 250880K, used 30808K [0x0000000082c00000, 0x0000000100000000)
  region size 1024K, 1 young (1024K), 1 survivors (1024K)
 Metaspace       used 26131K, committed 26368K, reserved 1073152K
  class space    used 3010K, committed 3136K, reserved 1048576K
}
Event: 32.595 GC heap before
{Heap before GC invocations=14 (full 0):
 garbage-first heap   total 133120K, used 114776K [0x0000000082c00000, 0x0000000100000000)
  region size 1024K, 85 young (87040K), 1 survivors (1024K)
 Metaspace       used 27504K, committed 27904K, reserved 1081344K
  class space    used 3129K, committed 3328K, reserved 1048576K
}
Event: 32.626 GC heap after
{Heap after GC invocations=15 (full 0):
 garbage-first heap   total 133120K, used 44013K [0x0000000082c00000, 0x0000000100000000)
  region size 1024K, 14 young (14336K), 14 survivors (14336K)
 Metaspace       used 27504K, committed 27904K, reserved 1081344K
  class space    used 3129K, committed 3328K, reserved 1048576K
}
Event: 38.512 GC heap before
{Heap before GC invocations=15 (full 0):
 garbage-first heap   total 133120K, used 96237K [0x0000000082c00000, 0x0000000100000000)
  region size 1024K, 66 young (67584K), 14 survivors (14336K)
 Metaspace       used 29657K, committed 30080K, reserved 1081344K
  class space    used 3371K, committed 3584K, reserved 1048576K
}
Event: 38.535 GC heap after
{Heap after GC invocations=16 (full 0):
 garbage-first heap   total 133120K, used 46042K [0x0000000082c00000, 0x0000000100000000)
  region size 1024K, 2 young (2048K), 2 survivors (2048K)
 Metaspace       used 29657K, committed 30080K, reserved 1081344K
  class space    used 3371K, committed 3584K, reserved 1048576K
}
Event: 43.961 GC heap before
{Heap before GC invocations=16 (full 0):
 garbage-first heap   total 133120K, used 100314K [0x0000000082c00000, 0x0000000100000000)
  region size 1024K, 55 young (56320K), 2 survivors (2048K)
 Metaspace       used 31860K, committed 32192K, reserved 1081344K
  class space    used 3610K, committed 3776K, reserved 1048576K
}
Event: 43.981 GC heap after
{Heap after GC invocations=17 (full 0):
 garbage-first heap   total 133120K, used 47008K [0x0000000082c00000, 0x0000000100000000)
  region size 1024K, 4 young (4096K), 4 survivors (4096K)
 Metaspace       used 31860K, committed 32192K, reserved 1081344K
  class space    used 3610K, committed 3776K, reserved 1048576K
}
Event: 44.326 GC heap before
{Heap before GC invocations=17 (full 0):
 garbage-first heap   total 133120K, used 102304K [0x0000000082c00000, 0x0000000100000000)
  region size 1024K, 58 young (59392K), 4 survivors (4096K)
 Metaspace       used 31866K, committed 32192K, reserved 1081344K
  class space    used 3611K, committed 3776K, reserved 1048576K
}
Event: 44.337 GC heap after
{Heap after GC invocations=18 (full 0):
 garbage-first heap   total 133120K, used 48585K [0x0000000082c00000, 0x0000000100000000)
  region size 1024K, 5 young (5120K), 5 survivors (5120K)
 Metaspace       used 31866K, committed 32192K, reserved 1081344K
  class space    used 3611K, committed 3776K, reserved 1048576K
}
Event: 44.357 GC heap before
{Heap before GC invocations=18 (full 0):
 garbage-first heap   total 133120K, used 103881K [0x0000000082c00000, 0x0000000100000000)
  region size 1024K, 60 young (61440K), 5 survivors (5120K)
 Metaspace       used 31866K, committed 32192K, reserved 1081344K
  class space    used 3611K, committed 3776K, reserved 1048576K
}
Event: 44.367 GC heap after
{Heap after GC invocations=19 (full 0):
 garbage-first heap   total 133120K, used 48799K [0x0000000082c00000, 0x0000000100000000)
  region size 1024K, 4 young (4096K), 4 survivors (4096K)
 Metaspace       used 31866K, committed 32192K, reserved 1081344K
  class space    used 3611K, committed 3776K, reserved 1048576K
}
Event: 45.609 GC heap before
{Heap before GC invocations=19 (full 0):
 garbage-first heap   total 133120K, used 110239K [0x0000000082c00000, 0x0000000100000000)
  region size 1024K, 61 young (62464K), 4 survivors (4096K)
 Metaspace       used 31936K, committed 32256K, reserved 1081344K
  class space    used 3612K, committed 3776K, reserved 1048576K
}
Event: 45.627 GC heap after
{Heap after GC invocations=20 (full 0):
 garbage-first heap   total 133120K, used 61414K [0x0000000082c00000, 0x0000000100000000)
  region size 1024K, 8 young (8192K), 8 survivors (8192K)
 Metaspace       used 31936K, committed 32256K, reserved 1081344K
  class space    used 3612K, committed 3776K, reserved 1048576K
}
Event: 45.642 GC heap before
{Heap before GC invocations=20 (full 0):
 garbage-first heap   total 133120K, used 102374K [0x0000000082c00000, 0x0000000100000000)
  region size 1024K, 49 young (50176K), 8 survivors (8192K)
 Metaspace       used 31936K, committed 32256K, reserved 1081344K
  class space    used 3612K, committed 3776K, reserved 1048576K
}
Event: 45.653 GC heap after
{Heap after GC invocations=21 (full 0):
 garbage-first heap   total 133120K, used 61966K [0x0000000082c00000, 0x0000000100000000)
  region size 1024K, 1 young (1024K), 1 survivors (1024K)
 Metaspace       used 31936K, committed 32256K, reserved 1081344K
  class space    used 3612K, committed 3776K, reserved 1048576K
}
Event: 45.669 GC heap before
{Heap before GC invocations=21 (full 0):
 garbage-first heap   total 133120K, used 103950K [0x0000000082c00000, 0x0000000100000000)
  region size 1024K, 43 young (44032K), 1 survivors (1024K)
 Metaspace       used 31936K, committed 32256K, reserved 1081344K
  class space    used 3612K, committed 3776K, reserved 1048576K
}

