# JRE version: OpenJDK Runtime Environment (17.0+35) (build 17+35-2724)
# Java VM: OpenJDK 64-Bit Server VM (17+35-2724, mixed mode, sharing, tiered, compressed oops, compressed class ptrs, g1 gc, windows-amd64)
GC Precious Log:
 CPUs: 4 total, 4 available
 Memory: 8015M
 Large Page Support: Disabled
 NUMA Support: Disabled
 Compressed Oops: Enabled (32-bit)
 Heap Region Size: 1M
 Heap Min Capacity: 8M
 Heap Initial Capacity: 126M
 Heap Max Capacity: 2004M
 Pre-touch: Disabled
 Parallel Workers: 4
 Concurrent Workers: 1
 Concurrent Refinement Workers: 4
 Periodic GC: Disabled
Heap:
 garbage-first heap   total 68608K, used 18540K [0x0000000082c00000, 0x0000000100000000)
  region size 1024K, 8 young (8192K), 7 survivors (7168K)
 Metaspace       used 21168K, committed 21568K, reserved 1073152K
  class space    used 2366K, committed 2560K, reserved 1048576K
GC Heap History (12 events):
Event: 1.437 GC heap before
{Heap before GC invocations=0 (full 0):
 garbage-first heap   total 129024K, used 12288K [0x0000000082c00000, 0x0000000100000000)
  region size 1024K, 13 young (13312K), 0 survivors (0K)
 Metaspace       used 2966K, committed 3072K, reserved 1056768K
  class space    used 299K, committed 384K, reserved 1048576K
}
Event: 1.445 GC heap after
{Heap after GC invocations=1 (full 0):
 garbage-first heap   total 129024K, used 3115K [0x0000000082c00000, 0x0000000100000000)
  region size 1024K, 2 young (2048K), 2 survivors (2048K)
 Metaspace       used 2966K, committed 3072K, reserved 1056768K
  class space    used 299K, committed 384K, reserved 1048576K
}
Event: 2.169 GC heap before
{Heap before GC invocations=1 (full 0):
 garbage-first heap   total 129024K, used 16427K [0x0000000082c00000, 0x0000000100000000)
  region size 1024K, 15 young (15360K), 2 survivors (2048K)
 Metaspace       used 5779K, committed 5952K, reserved 1056768K
  class space    used 689K, committed 768K, reserved 1048576K
}
Event: 2.175 GC heap after
{Heap after GC invocations=2 (full 0):
 garbage-first heap   total 129024K, used 3910K [0x0000000082c00000, 0x0000000100000000)
  region size 1024K, 1 young (1024K), 1 survivors (1024K)
 Metaspace       used 5779K, committed 5952K, reserved 1056768K
  class space    used 689K, committed 768K, reserved 1048576K
}
Event: 3.685 GC heap before
{Heap before GC invocations=2 (full 0):
 garbage-first heap   total 129024K, used 34630K [0x0000000082c00000, 0x0000000100000000)
  region size 1024K, 31 young (31744K), 1 survivors (1024K)
 Metaspace       used 8904K, committed 9152K, reserved 1064960K
  class space    used 1075K, committed 1216K, reserved 1048576K
}
Event: 3.689 GC heap after
{Heap after GC invocations=3 (full 0):
 garbage-first heap   total 129024K, used 4815K [0x0000000082c00000, 0x0000000100000000)
  region size 1024K, 2 young (2048K), 2 survivors (2048K)
 Metaspace       used 8904K, committed 9152K, reserved 1064960K
  class space    used 1075K, committed 1216K, reserved 1048576K
}
Event: 7.847 GC heap before
{Heap before GC invocations=3 (full 0):
 garbage-first heap   total 129024K, used 79567K [0x0000000082c00000, 0x0000000100000000)
  region size 1024K, 75 young (76800K), 2 survivors (2048K)
 Metaspace       used 15959K, committed 16128K, reserved 1064960K
  class space    used 1890K, committed 1984K, reserved 1048576K
}
Event: 7.871 GC heap after
{Heap after GC invocations=4 (full 0):
 garbage-first heap   total 129024K, used 13009K [0x0000000082c00000, 0x0000000100000000)
  region size 1024K, 10 young (10240K), 10 survivors (10240K)
 Metaspace       used 15959K, committed 16128K, reserved 1064960K
  class space    used 1890K, committed 1984K, reserved 1048576K
}
Event: 12.050 GC heap before
{Heap before GC invocations=4 (full 0):
 garbage-first heap   total 129024K, used 79569K [0x0000000082c00000, 0x0000000100000000)
  region size 1024K, 75 young (76800K), 10 survivors (10240K)
 Metaspace       used 17332K, committed 17536K, reserved 1064960K
  class space    used 2003K, committed 2112K, reserved 1048576K
}
Event: 12.073 GC heap after
{Heap after GC invocations=5 (full 0):
 garbage-first heap   total 129024K, used 15893K [0x0000000082c00000, 0x0000000100000000)
  region size 1024K, 4 young (4096K), 4 survivors (4096K)
 Metaspace       used 17332K, committed 17536K, reserved 1064960K
  class space    used 2003K, committed 2112K, reserved 1048576K
}
Event: 15.916 GC heap before
{Heap before GC invocations=5 (full 0):
 garbage-first heap   total 129024K, used 108053K [0x0000000082c00000, 0x0000000100000000)
  region size 1024K, 63 young (64512K), 4 survivors (4096K)
 Metaspace       used 21163K, committed 21504K, reserved 1073152K
  class space    used 2366K, committed 2560K, reserved 1048576K
}
Event: 15.934 GC heap after
{Heap after GC invocations=6 (full 0):
 garbage-first heap   total 129024K, used 18540K [0x0000000082c00000, 0x0000000100000000)
  region size 1024K, 7 young (7168K), 7 survivors (7168K)
 Metaspace       used 21163K, committed 21504K, reserved 1073152K
  class space    used 2366K, committed 2560K, reserved 1048576K
}

