# JRE version: OpenJDK Runtime Environment (17.0+35) (build 17+35-2724)
# Java VM: OpenJDK 64-Bit Server VM (17+35-2724, mixed mode, sharing, tiered, compressed oops, compressed class ptrs, g1 gc, windows-amd64)
GC Precious Log:
 CPUs: 4 total, 4 available
 Memory: 8015M
 Large Page Support: Disabled
 NUMA Support: Disabled
 Compressed Oops: Enabled (32-bit)
 Heap Region Size: 1M
 Heap Min Capacity: 8M
 Heap Initial Capacity: 126M
 Heap Max Capacity: 2004M
 Pre-touch: Disabled
 Parallel Workers: 4
 Concurrent Workers: 1
 Concurrent Refinement Workers: 4
 Periodic GC: Disabled
Heap:
 garbage-first heap   total 106496K, used 35097K [0x0000000082c00000, 0x0000000100000000)
  region size 1024K, 4 young (4096K), 4 survivors (4096K)
 Metaspace       used 84879K, committed 85632K, reserved 1130496K
  class space    used 11220K, committed 11584K, reserved 1048576K
GC Heap History (20 events):
Event: 203.420 GC heap after
{Heap after GC invocations=33 (full 1):
 garbage-first heap   total 157696K, used 37474K [0x0000000082c00000, 0x0000000100000000)
  region size 1024K, 5 young (5120K), 5 survivors (5120K)
 Metaspace       used 83516K, committed 84224K, reserved 1122304K
  class space    used 11133K, committed 11456K, reserved 1048576K
}
Event: 217.150 GC heap before
{Heap before GC invocations=33 (full 1):
 garbage-first heap   total 157696K, used 73314K [0x0000000082c00000, 0x0000000100000000)
  region size 1024K, 41 young (41984K), 5 survivors (5120K)
 Metaspace       used 83589K, committed 84288K, reserved 1122304K
  class space    used 11137K, committed 11456K, reserved 1048576K
}
Event: 217.257 GC heap after
{Heap after GC invocations=34 (full 2):
 garbage-first heap   total 106496K, used 30671K [0x0000000082c00000, 0x0000000100000000)
  region size 1024K, 0 young (0K), 0 survivors (0K)
 Metaspace       used 83567K, committed 84288K, reserved 1122304K
  class space    used 11135K, committed 11456K, reserved 1048576K
}
Event: 218.951 GC heap before
{Heap before GC invocations=34 (full 2):
 garbage-first heap   total 106496K, used 85967K [0x0000000082c00000, 0x0000000100000000)
  region size 1024K, 55 young (56320K), 0 survivors (0K)
 Metaspace       used 83852K, committed 84544K, reserved 1122304K
  class space    used 11158K, committed 11456K, reserved 1048576K
}
Event: 218.959 GC heap after
{Heap after GC invocations=35 (full 2):
 garbage-first heap   total 106496K, used 34612K [0x0000000082c00000, 0x0000000100000000)
  region size 1024K, 4 young (4096K), 4 survivors (4096K)
 Metaspace       used 83852K, committed 84544K, reserved 1122304K
  class space    used 11158K, committed 11456K, reserved 1048576K
}
Event: 218.972 GC heap before
{Heap before GC invocations=35 (full 2):
 garbage-first heap   total 106496K, used 85812K [0x0000000082c00000, 0x0000000100000000)
  region size 1024K, 55 young (56320K), 4 survivors (4096K)
 Metaspace       used 83852K, committed 84544K, reserved 1122304K
  class space    used 11158K, committed 11456K, reserved 1048576K
}
Event: 218.978 GC heap after
{Heap after GC invocations=36 (full 2):
 garbage-first heap   total 106496K, used 34447K [0x0000000082c00000, 0x0000000100000000)
  region size 1024K, 4 young (4096K), 4 survivors (4096K)
 Metaspace       used 83852K, committed 84544K, reserved 1122304K
  class space    used 11158K, committed 11456K, reserved 1048576K
}
Event: 218.993 GC heap before
{Heap before GC invocations=36 (full 2):
 garbage-first heap   total 106496K, used 86671K [0x0000000082c00000, 0x0000000100000000)
  region size 1024K, 56 young (57344K), 4 survivors (4096K)
 Metaspace       used 83852K, committed 84544K, reserved 1122304K
  class space    used 11158K, committed 11456K, reserved 1048576K
}
Event: 218.999 GC heap after
{Heap after GC invocations=37 (full 2):
 garbage-first heap   total 106496K, used 34366K [0x0000000082c00000, 0x0000000100000000)
  region size 1024K, 1 young (1024K), 1 survivors (1024K)
 Metaspace       used 83852K, committed 84544K, reserved 1122304K
  class space    used 11158K, committed 11456K, reserved 1048576K
}
Event: 221.728 GC heap before
{Heap before GC invocations=37 (full 2):
 garbage-first heap   total 106496K, used 86590K [0x0000000082c00000, 0x0000000100000000)
  region size 1024K, 53 young (54272K), 1 survivors (1024K)
 Metaspace       used 84337K, committed 85120K, reserved 1130496K
  class space    used 11177K, committed 11520K, reserved 1048576K
}
Event: 221.732 GC heap after
{Heap after GC invocations=38 (full 2):
 garbage-first heap   total 106496K, used 36337K [0x0000000082c00000, 0x0000000100000000)
  region size 1024K, 3 young (3072K), 3 survivors (3072K)
 Metaspace       used 84337K, committed 85120K, reserved 1130496K
  class space    used 11177K, committed 11520K, reserved 1048576K
}
Event: 222.753 GC heap before
{Heap before GC invocations=38 (full 2):
 garbage-first heap   total 106496K, used 87537K [0x0000000082c00000, 0x0000000100000000)
  region size 1024K, 53 young (54272K), 3 survivors (3072K)
 Metaspace       used 84628K, committed 85376K, reserved 1130496K
  class space    used 11193K, committed 11520K, reserved 1048576K
}
Event: 222.761 GC heap after
{Heap after GC invocations=39 (full 2):
 garbage-first heap   total 106496K, used 38853K [0x0000000082c00000, 0x0000000100000000)
  region size 1024K, 5 young (5120K), 5 survivors (5120K)
 Metaspace       used 84628K, committed 85376K, reserved 1130496K
  class space    used 11193K, committed 11520K, reserved 1048576K
}
Event: 231.456 GC heap before
{Heap before GC invocations=39 (full 2):
 garbage-first heap   total 106496K, used 51141K [0x0000000082c00000, 0x0000000100000000)
  region size 1024K, 18 young (18432K), 5 survivors (5120K)
 Metaspace       used 84645K, committed 85376K, reserved 1130496K
  class space    used 11194K, committed 11520K, reserved 1048576K
}
Event: 231.542 GC heap after
{Heap after GC invocations=40 (full 3):
 garbage-first heap   total 106496K, used 31137K [0x0000000082c00000, 0x0000000100000000)
  region size 1024K, 0 young (0K), 0 survivors (0K)
 Metaspace       used 84620K, committed 85376K, reserved 1130496K
  class space    used 11191K, committed 11520K, reserved 1048576K
}
Event: 232.945 GC heap before
{Heap before GC invocations=40 (full 3):
 garbage-first heap   total 106496K, used 85409K [0x0000000082c00000, 0x0000000100000000)
  region size 1024K, 54 young (55296K), 0 survivors (0K)
 Metaspace       used 84879K, committed 85632K, reserved 1130496K
  class space    used 11220K, committed 11584K, reserved 1048576K
}
Event: 232.952 GC heap after
{Heap after GC invocations=41 (full 3):
 garbage-first heap   total 106496K, used 35066K [0x0000000082c00000, 0x0000000100000000)
  region size 1024K, 4 young (4096K), 4 survivors (4096K)
 Metaspace       used 84879K, committed 85632K, reserved 1130496K
  class space    used 11220K, committed 11584K, reserved 1048576K
}
Event: 232.965 GC heap before
{Heap before GC invocations=41 (full 3):
 garbage-first heap   total 106496K, used 85242K [0x0000000082c00000, 0x0000000100000000)
  region size 1024K, 54 young (55296K), 4 survivors (4096K)
 Metaspace       used 84879K, committed 85632K, reserved 1130496K
  class space    used 11220K, committed 11584K, reserved 1048576K
}
Event: 232.970 GC heap after
{Heap after GC invocations=42 (full 3):
 garbage-first heap   total 106496K, used 35082K [0x0000000082c00000, 0x0000000100000000)
  region size 1024K, 4 young (4096K), 4 survivors (4096K)
 Metaspace       used 84879K, committed 85632K, reserved 1130496K
  class space    used 11220K, committed 11584K, reserved 1048576K
}
Event: 232.986 GC heap before
{Heap before GC invocations=42 (full 3):
 garbage-first heap   total 106496K, used 86282K [0x0000000082c00000, 0x0000000100000000)
  region size 1024K, 55 young (56320K), 4 survivors (4096K)
 Metaspace       used 84879K, committed 85632K, reserved 1130496K
  class space    used 11220K, committed 11584K, reserved 1048576K
}

