# JRE version: OpenJDK Runtime Environment (17.0+35) (build 17+35-2724)
# Java VM: OpenJDK 64-Bit Server VM (17+35-2724, mixed mode, sharing, tiered, compressed oops, compressed class ptrs, g1 gc, windows-amd64)
GC Precious Log:
 CPUs: 4 total, 4 available
 Memory: 8015M
 Large Page Support: Disabled
 NUMA Support: Disabled
 Compressed Oops: Enabled (32-bit)
 Heap Region Size: 1M
 Heap Min Capacity: 8M
 Heap Initial Capacity: 126M
 Heap Max Capacity: 2004M
 Pre-touch: Disabled
 Parallel Workers: 4
 Concurrent Workers: 1
 Concurrent Refinement Workers: 4
 Periodic GC: Disabled
Heap:
 garbage-first heap   total 129024K, used 25543K [0x0000000082c00000, 0x0000000100000000)
  region size 1024K, 23 young (23552K), 10 survivors (10240K)
 Metaspace       used 16095K, committed 16320K, reserved 1064960K
  class space    used 1894K, committed 2048K, reserved 1048576K
GC Heap History (8 events):
Event: 1.264 GC heap before
{Heap before GC invocations=0 (full 0):
 garbage-first heap   total 129024K, used 12288K [0x0000000082c00000, 0x0000000100000000)
  region size 1024K, 13 young (13312K), 0 survivors (0K)
 Metaspace       used 2942K, committed 3072K, reserved 1056768K
  class space    used 295K, committed 384K, reserved 1048576K
}
Event: 1.272 GC heap after
{Heap after GC invocations=1 (full 0):
 garbage-first heap   total 129024K, used 3083K [0x0000000082c00000, 0x0000000100000000)
  region size 1024K, 2 young (2048K), 2 survivors (2048K)
 Metaspace       used 2942K, committed 3072K, reserved 1056768K
  class space    used 295K, committed 384K, reserved 1048576K
}
Event: 2.080 GC heap before
{Heap before GC invocations=1 (full 0):
 garbage-first heap   total 129024K, used 16395K [0x0000000082c00000, 0x0000000100000000)
  region size 1024K, 15 young (15360K), 2 survivors (2048K)
 Metaspace       used 5786K, committed 5952K, reserved 1056768K
  class space    used 690K, committed 768K, reserved 1048576K
}
Event: 2.087 GC heap after
{Heap after GC invocations=2 (full 0):
 garbage-first heap   total 129024K, used 3962K [0x0000000082c00000, 0x0000000100000000)
  region size 1024K, 1 young (1024K), 1 survivors (1024K)
 Metaspace       used 5786K, committed 5952K, reserved 1056768K
  class space    used 690K, committed 768K, reserved 1048576K
}
Event: 3.425 GC heap before
{Heap before GC invocations=2 (full 0):
 garbage-first heap   total 129024K, used 34682K [0x0000000082c00000, 0x0000000100000000)
  region size 1024K, 31 young (31744K), 1 survivors (1024K)
 Metaspace       used 9077K, committed 9280K, reserved 1064960K
  class space    used 1085K, committed 1216K, reserved 1048576K
}
Event: 3.429 GC heap after
{Heap after GC invocations=3 (full 0):
 garbage-first heap   total 129024K, used 4912K [0x0000000082c00000, 0x0000000100000000)
  region size 1024K, 2 young (2048K), 2 survivors (2048K)
 Metaspace       used 9077K, committed 9280K, reserved 1064960K
  class space    used 1085K, committed 1216K, reserved 1048576K
}
Event: 8.769 GC heap before
{Heap before GC invocations=3 (full 0):
 garbage-first heap   total 129024K, used 79664K [0x0000000082c00000, 0x0000000100000000)
  region size 1024K, 75 young (76800K), 2 survivors (2048K)
 Metaspace       used 15989K, committed 16192K, reserved 1064960K
  class space    used 1892K, committed 1984K, reserved 1048576K
}
Event: 8.791 GC heap after
{Heap after GC invocations=4 (full 0):
 garbage-first heap   total 129024K, used 13255K [0x0000000082c00000, 0x0000000100000000)
  region size 1024K, 10 young (10240K), 10 survivors (10240K)
 Metaspace       used 15989K, committed 16192K, reserved 1064960K
  class space    used 1892K, committed 1984K, reserved 1048576K
}

