# JRE version: OpenJDK Runtime Environment (17.0+35) (build 17+35-2724)
# Java VM: OpenJDK 64-Bit Server VM (17+35-2724, mixed mode, sharing, tiered, compressed oops, compressed class ptrs, g1 gc, windows-amd64)
GC Precious Log:
 CPUs: 4 total, 4 available
 Memory: 8015M
 Large Page Support: Disabled
 NUMA Support: Disabled
 Compressed Oops: Enabled (32-bit)
 Heap Region Size: 1M
 Heap Min Capacity: 8M
 Heap Initial Capacity: 126M
 Heap Max Capacity: 2004M
 Pre-touch: Disabled
 Parallel Workers: 4
 Concurrent Workers: 1
 Concurrent Refinement Workers: 4
 Periodic GC: Disabled
Heap:
 garbage-first heap   total 78848K, used 47391K [0x0000000082c00000, 0x0000000100000000)
  region size 1024K, 24 young (24576K), 3 survivors (3072K)
 Metaspace       used 64470K, committed 65088K, reserved 1105920K
  class space    used 8737K, committed 9024K, reserved 1048576K
GC Heap History (20 events):
Event: 5.341 GC heap before
{Heap before GC invocations=10 (full 0):
 garbage-first heap   total 66560K, used 51019K [0x0000000082c00000, 0x0000000100000000)
  region size 1024K, 39 young (39936K), 1 survivors (1024K)
 Metaspace       used 22118K, committed 22400K, reserved 1073152K
  class space    used 2808K, committed 2944K, reserved 1048576K
}
Event: 5.342 GC heap after
{Heap after GC invocations=11 (full 0):
 garbage-first heap   total 66560K, used 13004K [0x0000000082c00000, 0x0000000100000000)
  region size 1024K, 1 young (1024K), 1 survivors (1024K)
 Metaspace       used 22118K, committed 22400K, reserved 1073152K
  class space    used 2808K, committed 2944K, reserved 1048576K
}
Event: 5.976 GC heap before
{Heap before GC invocations=11 (full 0):
 garbage-first heap   total 66560K, used 50892K [0x0000000082c00000, 0x0000000100000000)
  region size 1024K, 39 young (39936K), 1 survivors (1024K)
 Metaspace       used 24034K, committed 24384K, reserved 1073152K
  class space    used 3069K, committed 3264K, reserved 1048576K
}
Event: 5.980 GC heap after
{Heap after GC invocations=12 (full 0):
 garbage-first heap   total 66560K, used 14650K [0x0000000082c00000, 0x0000000100000000)
  region size 1024K, 3 young (3072K), 3 survivors (3072K)
 Metaspace       used 24034K, committed 24384K, reserved 1073152K
  class space    used 3069K, committed 3264K, reserved 1048576K
}
Event: 8.159 GC heap before
{Heap before GC invocations=12 (full 0):
 garbage-first heap   total 66560K, used 51514K [0x0000000082c00000, 0x0000000100000000)
  region size 1024K, 39 young (39936K), 3 survivors (3072K)
 Metaspace       used 27948K, committed 28288K, reserved 1081344K
  class space    used 3539K, committed 3712K, reserved 1048576K
}
Event: 8.168 GC heap after
{Heap after GC invocations=13 (full 0):
 garbage-first heap   total 66560K, used 17018K [0x0000000082c00000, 0x0000000100000000)
  region size 1024K, 5 young (5120K), 5 survivors (5120K)
 Metaspace       used 27948K, committed 28288K, reserved 1081344K
  class space    used 3539K, committed 3712K, reserved 1048576K
}
Event: 11.521 GC heap before
{Heap before GC invocations=13 (full 0):
 garbage-first heap   total 66560K, used 51834K [0x0000000082c00000, 0x0000000100000000)
  region size 1024K, 39 young (39936K), 5 survivors (5120K)
 Metaspace       used 33084K, committed 33536K, reserved 1081344K
  class space    used 4324K, committed 4544K, reserved 1048576K
}
Event: 11.533 GC heap after
{Heap after GC invocations=14 (full 0):
 garbage-first heap   total 66560K, used 19767K [0x0000000082c00000, 0x0000000100000000)
  region size 1024K, 5 young (5120K), 5 survivors (5120K)
 Metaspace       used 33084K, committed 33536K, reserved 1081344K
  class space    used 4324K, committed 4544K, reserved 1048576K
}
Event: 12.259 GC heap before
{Heap before GC invocations=14 (full 0):
 garbage-first heap   total 66560K, used 50487K [0x0000000082c00000, 0x0000000100000000)
  region size 1024K, 36 young (36864K), 5 survivors (5120K)
 Metaspace       used 34472K, committed 34880K, reserved 1081344K
  class space    used 4473K, committed 4672K, reserved 1048576K
}
Event: 12.270 GC heap after
{Heap after GC invocations=15 (full 0):
 garbage-first heap   total 66560K, used 20767K [0x0000000082c00000, 0x0000000100000000)
  region size 1024K, 1 young (1024K), 1 survivors (1024K)
 Metaspace       used 34472K, committed 34880K, reserved 1081344K
  class space    used 4473K, committed 4672K, reserved 1048576K
}
Event: 12.277 GC heap before
{Heap before GC invocations=15 (full 0):
 garbage-first heap   total 66560K, used 51487K [0x0000000082c00000, 0x0000000100000000)
  region size 1024K, 32 young (32768K), 1 survivors (1024K)
 Metaspace       used 34472K, committed 34880K, reserved 1081344K
  class space    used 4473K, committed 4672K, reserved 1048576K
}
Event: 12.281 GC heap after
{Heap after GC invocations=16 (full 0):
 garbage-first heap   total 198656K, used 20737K [0x0000000082c00000, 0x0000000100000000)
  region size 1024K, 1 young (1024K), 1 survivors (1024K)
 Metaspace       used 34472K, committed 34880K, reserved 1081344K
  class space    used 4473K, committed 4672K, reserved 1048576K
}
Event: 13.175 GC heap before
{Heap before GC invocations=16 (full 0):
 garbage-first heap   total 198656K, used 97537K [0x0000000082c00000, 0x0000000100000000)
  region size 1024K, 78 young (79872K), 1 survivors (1024K)
 Metaspace       used 35647K, committed 36096K, reserved 1081344K
  class space    used 4579K, committed 4800K, reserved 1048576K
}
Event: 13.180 GC heap after
{Heap after GC invocations=17 (full 0):
 garbage-first heap   total 198656K, used 21210K [0x0000000082c00000, 0x0000000100000000)
  region size 1024K, 2 young (2048K), 2 survivors (2048K)
 Metaspace       used 35647K, committed 36096K, reserved 1081344K
  class space    used 4579K, committed 4800K, reserved 1048576K
}
Event: 18.309 GC heap before
{Heap before GC invocations=18 (full 0):
 garbage-first heap   total 78848K, used 66266K [0x0000000082c00000, 0x0000000100000000)
  region size 1024K, 46 young (47104K), 2 survivors (2048K)
 Metaspace       used 43588K, committed 44096K, reserved 1089536K
  class space    used 5791K, committed 6016K, reserved 1048576K
}
Event: 18.316 GC heap after
{Heap after GC invocations=19 (full 0):
 garbage-first heap   total 78848K, used 23966K [0x0000000082c00000, 0x0000000100000000)
  region size 1024K, 5 young (5120K), 5 survivors (5120K)
 Metaspace       used 43588K, committed 44096K, reserved 1089536K
  class space    used 5791K, committed 6016K, reserved 1048576K
}
Event: 23.403 GC heap before
{Heap before GC invocations=19 (full 0):
 garbage-first heap   total 78848K, used 62878K [0x0000000082c00000, 0x0000000100000000)
  region size 1024K, 43 young (44032K), 5 survivors (5120K)
 Metaspace       used 54423K, committed 54912K, reserved 1097728K
  class space    used 7084K, committed 7296K, reserved 1048576K
}
Event: 23.414 GC heap after
{Heap after GC invocations=20 (full 0):
 garbage-first heap   total 78848K, used 25970K [0x0000000082c00000, 0x0000000100000000)
  region size 1024K, 5 young (5120K), 5 survivors (5120K)
 Metaspace       used 54423K, committed 54912K, reserved 1097728K
  class space    used 7084K, committed 7296K, reserved 1048576K
}
Event: 24.432 GC heap before
{Heap before GC invocations=20 (full 0):
 garbage-first heap   total 78848K, used 43378K [0x0000000082c00000, 0x0000000100000000)
  region size 1024K, 24 young (24576K), 5 survivors (5120K)
 Metaspace       used 59978K, committed 60416K, reserved 1105920K
  class space    used 7963K, committed 8192K, reserved 1048576K
}
Event: 24.443 GC heap after
{Heap after GC invocations=21 (full 0):
 garbage-first heap   total 78848K, used 26911K [0x0000000082c00000, 0x0000000100000000)
  region size 1024K, 3 young (3072K), 3 survivors (3072K)
 Metaspace       used 59978K, committed 60416K, reserved 1105920K
  class space    used 7963K, committed 8192K, reserved 1048576K
}

